[Folder 1] Loading 790 preprocess files from /dtu-compute/msaca/sliceA_xray_pc/cache/preprocessing_run_001/HA900_3um_mars_rock_001_ with 24 workers...

------------------------------------------------------------
Sender: LSF System <lsfadmin@hpc.dtu.dk>
Subject: Job 26352366: <preproc_job> in cluster <dcc> Exited

Job <preproc_job> was submitted from host <gbarlogin1> by user <msaca> in cluster <dcc> at Thu Oct  2 13:27:41 2025
Job was executed on host(s) <16*n-62-20-5>, in queue <gpuv100>, as user <msaca> in cluster <dcc> at Thu Oct  2 13:27:42 2025
</zhome/71/c/146676> was used as the home directory.
</zhome/71/c/146676/reconstructors_for_hpc> was used as the working directory.
Started at Thu Oct  2 13:27:42 2025
Terminated at Thu Oct  2 13:28:47 2025
Results reported at Thu Oct  2 13:28:47 2025

Your job looked like:

------------------------------------------------------------
# LSBATCH: User input
#!/bin/bash
#BSUB -q gpuv100
#BSUB -J preproc_job
#BSUB -n 16
#BSUB -R "span[hosts=1]"
#BSUB -R "rusage[mem=8192]"
#BSUB -oo logs/preproc_%J.out
#BSUB -eo logs/preproc_%J.err
#BSUB -W 24:00                 # Wall time (e.g., 1 hour)


source /zhome/71/c/146676/miniconda3/bin/activate && conda activate cil
python reconstructor.py --config reconstruction_settings_1.yaml


------------------------------------------------------------

TERM_OWNER: job killed by owner.
Exited with exit code 1.

Resource usage summary:

    CPU time :                                   13.95 sec.
    Max Memory :                                 6212 MB
    Average Memory :                             4407.00 MB
    Total Requested Memory :                     131072.00 MB
    Delta Memory :                               124860.00 MB
    Max Swap :                                   -
    Max Processes :                              28
    Max Threads :                                32
    Run time :                                   112 sec.
    Turnaround time :                            66 sec.

The output (if any) is above this job summary.



PS:

Read file <logs/preproc_26352366.err> for stderr output of this job.

