[Folder 1] Loaded dark (790, 1748), flat (790, 1748)
[Folder 1] Loading 6000 projections with 32 workers...

------------------------------------------------------------
Sender: LSF System <lsfadmin@hpc.dtu.dk>
Subject: Job 26339916: <preproc_job> in cluster <dcc> Exited

Job <preproc_job> was submitted from host <gbarlogin1> by user <msaca> in cluster <dcc> at Wed Oct  1 18:53:34 2025
Job was executed on host(s) <32*n-62-11-51>, in queue <hpc>, as user <msaca> in cluster <dcc> at Wed Oct  1 18:53:34 2025
</zhome/71/c/146676> was used as the home directory.
</zhome/71/c/146676/reconstructors_for_hpc> was used as the working directory.
Started at Wed Oct  1 18:53:34 2025
Terminated at Wed Oct  1 19:00:15 2025
Results reported at Wed Oct  1 19:00:15 2025

Your job looked like:

------------------------------------------------------------
# LSBATCH: User input
#!/bin/bash
#BSUB -q hpc
#BSUB -J preproc_job
#BSUB -n 32
#BSUB -R "span[hosts=1]"
#BSUB -R "rusage[mem=4096]"
#BSUB -oo logs/preproc_%J.out
#BSUB -eo logs/preproc_%J.err
#BSUB -W 24:00                 # Wall time (e.g., 1 hour)


source /zhome/71/c/146676/miniconda3/bin/activate && conda activate cil
python preprocessor.py --config reconstruction_settings_1.yaml


------------------------------------------------------------

TERM_MEMLIMIT: job killed after reaching LSF memory usage limit.
Exited with exit code 137.

Resource usage summary:

    CPU time :                                   723.11 sec.
    Max Memory :                                 131072 MB
    Average Memory :                             79174.00 MB
    Total Requested Memory :                     131072.00 MB
    Delta Memory :                               0.00 MB
    Max Swap :                                   -
    Max Processes :                              36
    Max Threads :                                40
    Run time :                                   409 sec.
    Turnaround time :                            401 sec.

The output (if any) is above this job summary.



PS:

Read file <logs/preproc_26339916.err> for stderr output of this job.

