[Folder 3] Loading 790 preprocess files from /dtu-compute/msaca/sliceA_xray_pc/cache/preprocessing_run_001/HA900_3um_mars_rock_003_ with 32 workers...
[Folder 3] Loaded volume with shape (790, 60, 3248)
[INFO] Sinogram size 0.62 GB fits into 1/3 GPU memory (13.33 GB). No split needed.
[Folder 3] Saving 790 reconstruction files to /dtu-compute/msaca/sliceA_xray_pc/results/fbp_01/HA900_3um_mars_rock_003_ with 32 workers...
[Folder 3] Done saving 790 reconstruction files.

------------------------------------------------------------
Sender: LSF System <lsfadmin@hpc.dtu.dk>
Subject: Job 26339894: <preproc_job> in cluster <dcc> Done

Job <preproc_job> was submitted from host <gbarlogin1> by user <msaca> in cluster <dcc> at Wed Oct  1 18:48:31 2025
Job was executed on host(s) <16*n-62-20-10>, in queue <gpuv100>, as user <msaca> in cluster <dcc> at Wed Oct  1 18:49:14 2025
</zhome/71/c/146676> was used as the home directory.
</zhome/71/c/146676/reconstructors_for_hpc> was used as the working directory.
Started at Wed Oct  1 18:49:14 2025
Terminated at Wed Oct  1 18:51:25 2025
Results reported at Wed Oct  1 18:51:25 2025

Your job looked like:

------------------------------------------------------------
# LSBATCH: User input
#!/bin/bash
#BSUB -q gpuv100
#BSUB -J preproc_job
#BSUB -n 16
#BSUB -R "span[hosts=1]"
#BSUB -R "rusage[mem=4096]"
#BSUB -oo logs/preproc_%J.out
#BSUB -eo logs/preproc_%J.err
#BSUB -W 24:00                 # Wall time (e.g., 1 hour)


source /zhome/71/c/146676/miniconda3/bin/activate && conda activate cil
python reconstructor.py --config reconstruction_settings_1.yaml


------------------------------------------------------------

Successfully completed.

Resource usage summary:

    CPU time :                                   83.00 sec.
    Max Memory :                                 9733 MB
    Average Memory :                             6611.33 MB
    Total Requested Memory :                     65536.00 MB
    Delta Memory :                               55803.00 MB
    Max Swap :                                   -
    Max Processes :                              36
    Max Threads :                                42
    Run time :                                   192 sec.
    Turnaround time :                            174 sec.

The output (if any) is above this job summary.



PS:

Read file <logs/preproc_26339894.err> for stderr output of this job.

