[Folder 1] Loaded dark (790, 1748), flat (790, 1748)
[Folder 1] Loading 120 projections with 32 workers...
[Folder 1] Loaded projections: (120, 790, 1748)
[Folder 1] Saving 790 preprocess files to /dtu-compute/msaca/sliceA_xray_pc/cache/preprocessing_run_001/HA900_3um_mars_rock_001_ with 32 workers...
[Folder 1] Done saving 790 preprocess files.
[Folder 2] Loaded dark (790, 1748), flat (790, 1748)
[Folder 2] Loading 120 projections with 32 workers...
[Folder 2] Loaded projections: (120, 790, 1748)
[Folder 2] Saving 790 preprocess files to /dtu-compute/msaca/sliceA_xray_pc/cache/preprocessing_run_001/HA900_3um_mars_rock_002_ with 32 workers...
[Folder 2] Done saving 790 preprocess files.
[Folder 3] Loaded dark (790, 1748), flat (790, 1748)
[Folder 3] Loading 120 projections with 32 workers...
[Folder 3] Loaded projections: (120, 790, 1748)
[Folder 3] Saving 790 preprocess files to /dtu-compute/msaca/sliceA_xray_pc/cache/preprocessing_run_001/HA900_3um_mars_rock_003_ with 32 workers...
[Folder 3] Done saving 790 preprocess files.
[Folder 4] Loaded dark (790, 1748), flat (790, 1748)
[Folder 4] Loading 120 projections with 32 workers...
[Folder 4] Loaded projections: (120, 790, 1748)
[Folder 4] Saving 790 preprocess files to /dtu-compute/msaca/sliceA_xray_pc/cache/preprocessing_run_001/HA900_3um_mars_rock_004_ with 32 workers...
[Folder 4] Done saving 790 preprocess files.
[Folder 5] Loaded dark (790, 1748), flat (790, 1748)
[Folder 5] Loading 120 projections with 32 workers...
[Folder 5] Loaded projections: (120, 790, 1748)
[Folder 5] Saving 790 preprocess files to /dtu-compute/msaca/sliceA_xray_pc/cache/preprocessing_run_001/HA900_3um_mars_rock_005_ with 32 workers...
[Folder 5] Done saving 790 preprocess files.
[Folder 6] Loaded dark (790, 1748), flat (790, 1748)
[Folder 6] Loading 120 projections with 32 workers...
[Folder 6] Loaded projections: (120, 790, 1748)
[Folder 6] Saving 790 preprocess files to /dtu-compute/msaca/sliceA_xray_pc/cache/preprocessing_run_001/HA900_3um_mars_rock_006_ with 32 workers...
[Folder 6] Done saving 790 preprocess files.
[Folder 7] Loaded dark (790, 1748), flat (790, 1748)
[Folder 7] Loading 120 projections with 32 workers...
[Folder 7] Loaded projections: (120, 790, 1748)
[Folder 7] Saving 790 preprocess files to /dtu-compute/msaca/sliceA_xray_pc/cache/preprocessing_run_001/HA900_3um_mars_rock_007_ with 32 workers...
[Folder 7] Done saving 790 preprocess files.

------------------------------------------------------------
Sender: LSF System <lsfadmin@hpc.dtu.dk>
Subject: Job 26339532: <preproc_job> in cluster <dcc> Done

Job <preproc_job> was submitted from host <gbarlogin1> by user <msaca> in cluster <dcc> at Wed Oct  1 18:01:28 2025
Job was executed on host(s) <32*n-62-11-51>, in queue <hpc>, as user <msaca> in cluster <dcc> at Wed Oct  1 18:01:28 2025
</zhome/71/c/146676> was used as the home directory.
</zhome/71/c/146676/reconstructors_for_hpc> was used as the working directory.
Started at Wed Oct  1 18:01:28 2025
Terminated at Wed Oct  1 18:12:39 2025
Results reported at Wed Oct  1 18:12:39 2025

Your job looked like:

------------------------------------------------------------
# LSBATCH: User input
#!/bin/bash
#BSUB -q hpc
#BSUB -J preproc_job
#BSUB -n 32
#BSUB -R "span[hosts=1]"
#BSUB -R "rusage[mem=4096]"
#BSUB -oo logs/preproc_%J.out
#BSUB -eo logs/preproc_%J.err
#BSUB -W 24:00                 # Wall time (e.g., 1 hour)


source /zhome/71/c/146676/miniconda3/bin/activate && conda activate cil
python preprocessor.py --config reconstruction_settings_1.yaml


------------------------------------------------------------

Successfully completed.

Resource usage summary:

    CPU time :                                   298.58 sec.
    Max Memory :                                 5540 MB
    Average Memory :                             4216.83 MB
    Total Requested Memory :                     131072.00 MB
    Delta Memory :                               125532.00 MB
    Max Swap :                                   -
    Max Processes :                              36
    Max Threads :                                41
    Run time :                                   693 sec.
    Turnaround time :                            671 sec.

The output (if any) is above this job summary.



PS:

Read file <logs/preproc_26339532.err> for stderr output of this job.

