
------------------------------------------------------------
Sender: LSF System <lsfadmin@hpc.dtu.dk>
Subject: Job 26339531: <preproc_job> in cluster <dcc> Exited

Job <preproc_job> was submitted from host <gbarlogin1> by user <msaca> in cluster <dcc> at Wed Oct  1 18:00:08 2025
Job was executed on host(s) <32*n-62-11-51>, in queue <hpc>, as user <msaca> in cluster <dcc> at Wed Oct  1 18:00:08 2025
</zhome/71/c/146676> was used as the home directory.
</zhome/71/c/146676/reconstructors_for_hpc> was used as the working directory.
Started at Wed Oct  1 18:00:08 2025
Terminated at Wed Oct  1 18:00:10 2025
Results reported at Wed Oct  1 18:00:10 2025

Your job looked like:

------------------------------------------------------------
# LSBATCH: User input
#!/bin/bash
#BSUB -q hpc
#BSUB -J preproc_job
#BSUB -n 32
#BSUB -R "span[hosts=1]"
#BSUB -R "rusage[mem=4096]"
#BSUB -oo logs/preproc_%J.out
#BSUB -eo logs/preproc_%J.err
#BSUB -W 24:00                 # Wall time (e.g., 1 hour)


source /zhome/71/c/146676/conda/bin/activate && conda activate cil
python preprocessor.py --config reconstruction_settings_1.yaml


------------------------------------------------------------

Exited with exit code 1.

Resource usage summary:

    CPU time :                                   1.05 sec.
    Max Memory :                                 -
    Average Memory :                             -
    Total Requested Memory :                     131072.00 MB
    Delta Memory :                               -
    Max Swap :                                   -
    Max Processes :                              -
    Max Threads :                                -
    Run time :                                   9 sec.
    Turnaround time :                            2 sec.

The output (if any) is above this job summary.



PS:

Read file <logs/preproc_26339531.err> for stderr output of this job.

