Loaded module: cuda/12.2
/zhome/71/c/146676/miniconda3/envs/cil/lib/python3.11/site-packages/dxchange/__init__.py:63: UserWarning: pkg_resources is deprecated as an API. See https://setuptools.pypa.io/en/latest/pkg_resources.html. The pkg_resources package is slated for removal as early as 2025-11-30. Refrain from using this package or pin to Setuptools<81.
  import pkg_resources
Traceback (most recent call last):
  File "/zhome/71/c/146676/miniconda3/envs/cil/lib/python3.11/threading.py", line 327, in wait
    waiter.acquire()
KeyboardInterrupt

During handling of the above exception, another exception occurred:

Traceback (most recent call last):
  File "/zhome/71/c/146676/miniconda3/envs/cil/lib/python3.11/threading.py", line 629, in wait
    signaled = self._cond.wait(timeout)
               ^^^^^^^^^^^^^^^^^^^^^^^^
  File "/zhome/71/c/146676/miniconda3/envs/cil/lib/python3.11/threading.py", line 336, in wait
    self._acquire_restore(saved_state)
  File "/zhome/71/c/146676/miniconda3/envs/cil/lib/python3.11/threading.py", line 283, in _acquire_restore
    def _acquire_restore(self, x):

KeyboardInterrupt

During handling of the above exception, another exception occurred:

Traceback (most recent call last):
  File "/zhome/71/c/146676/reconstructors_for_hpc/reconstructor.py", line 202, in <module>
    sino = load_volume_from_tiffs(cfg, folder, mode="preprocess") # Instead of loading all slices here, one can also just load them in inside the 
           ^^^^^^^^^^^^^^^^^^^^^^^^^^^^^^^^^^^^^^^^^^^^^^^^^^^^^^
  File "/zhome/71/c/146676/reconstructors_for_hpc/reconstructor.py", line 69, in load_volume_from_tiffs
    slices = pool.map(_load_slice, slice_files)
             ^^^^^^^^^^^^^^^^^^^^^^^^^^^^^^^^^^
  File "/zhome/71/c/146676/miniconda3/envs/cil/lib/python3.11/multiprocessing/pool.py", line 367, in map
    return self._map_async(func, iterable, mapstar, chunksize).get()
           ^^^^^^^^^^^^^^^^^^^^^^^^^^^^^^^^^^^^^^^^^^^^^^^^^^^^^^^^^
  File "/zhome/71/c/146676/miniconda3/envs/cil/lib/python3.11/multiprocessing/pool.py", line 768, in get
    self.wait(timeout)
  File "/zhome/71/c/146676/miniconda3/envs/cil/lib/python3.11/multiprocessing/pool.py", line 765, in wait
    self._event.wait(timeout)
  File "/zhome/71/c/146676/miniconda3/envs/cil/lib/python3.11/threading.py", line 626, in wait
    with self._cond:
  File "/zhome/71/c/146676/miniconda3/envs/cil/lib/python3.11/threading.py", line 275, in __exit__
    return self._lock.__exit__(*args)
           ^^^^^^^^^^^^^^^^^^^^^^^^^^
RuntimeError: release unlocked lock
