[Folder 3] Loaded dark (790, 1748), flat (790, 1748)
[Folder 3] Loading 120 projections with 32 workers...
[Folder 3] Loaded projections: (120, 790, 1748)
[Folder 3] Saving 790 preprocess files to /dtu-compute/msaca/sliceA_xray_pc/cache/preprocessing_run_001/HA900_3um_mars_rock_003_ with 32 workers...
[Folder 3] Done saving 790 preprocess files.

------------------------------------------------------------
Sender: LSF System <lsfadmin@hpc.dtu.dk>
Subject: Job 26339878: <preproc_job> in cluster <dcc> Done

Job <preproc_job> was submitted from host <gbarlogin1> by user <msaca> in cluster <dcc> at Wed Oct  1 18:46:22 2025
Job was executed on host(s) <32*n-62-11-51>, in queue <hpc>, as user <msaca> in cluster <dcc> at Wed Oct  1 18:46:22 2025
</zhome/71/c/146676> was used as the home directory.
</zhome/71/c/146676/reconstructors_for_hpc> was used as the working directory.
Started at Wed Oct  1 18:46:22 2025
Terminated at Wed Oct  1 18:47:07 2025
Results reported at Wed Oct  1 18:47:07 2025

Your job looked like:

------------------------------------------------------------
# LSBATCH: User input
#!/bin/bash
#BSUB -q hpc
#BSUB -J preproc_job
#BSUB -n 32
#BSUB -R "span[hosts=1]"
#BSUB -R "rusage[mem=4096]"
#BSUB -oo logs/preproc_%J.out
#BSUB -eo logs/preproc_%J.err
#BSUB -W 24:00                 # Wall time (e.g., 1 hour)


source /zhome/71/c/146676/miniconda3/bin/activate && conda activate cil
python preprocessor.py --config reconstruction_settings_1.yaml


------------------------------------------------------------

Successfully completed.

Resource usage summary:

    CPU time :                                   45.84 sec.
    Max Memory :                                 4008 MB
    Average Memory :                             3719.33 MB
    Total Requested Memory :                     131072.00 MB
    Delta Memory :                               127064.00 MB
    Max Swap :                                   -
    Max Processes :                              4
    Max Threads :                                6
    Run time :                                   95 sec.
    Turnaround time :                            45 sec.

The output (if any) is above this job summary.



PS:

Read file <logs/preproc_26339878.err> for stderr output of this job.

