[Folder 3] Loaded dark (790, 1748), flat (790, 1748)
[Folder 3] Loading 120 projections with 32 workers...
[Folder 3] Loaded projections: (120, 790, 1748)

------------------------------------------------------------
Sender: LSF System <lsfadmin@hpc.dtu.dk>
Subject: Job 26339849: <preproc_job> in cluster <dcc> Exited

Job <preproc_job> was submitted from host <gbarlogin1> by user <msaca> in cluster <dcc> at Wed Oct  1 18:44:42 2025
Job was executed on host(s) <32*n-62-11-53>, in queue <hpc>, as user <msaca> in cluster <dcc> at Wed Oct  1 18:44:43 2025
</zhome/71/c/146676> was used as the home directory.
</zhome/71/c/146676/reconstructors_for_hpc> was used as the working directory.
Started at Wed Oct  1 18:44:43 2025
Terminated at Wed Oct  1 18:45:08 2025
Results reported at Wed Oct  1 18:45:08 2025

Your job looked like:

------------------------------------------------------------
# LSBATCH: User input
#!/bin/bash
#BSUB -q hpc
#BSUB -J preproc_job
#BSUB -n 32
#BSUB -R "span[hosts=1]"
#BSUB -R "rusage[mem=4096]"
#BSUB -oo logs/preproc_%J.out
#BSUB -eo logs/preproc_%J.err
#BSUB -W 24:00                 # Wall time (e.g., 1 hour)


source /zhome/71/c/146676/miniconda3/bin/activate && conda activate cil
python preprocessor.py --config reconstruction_settings_1.yaml


------------------------------------------------------------

TERM_OWNER: job killed by owner.
Exited with exit code 130.

Resource usage summary:

    CPU time :                                   27.35 sec.
    Max Memory :                                 4122 MB
    Average Memory :                             3269.67 MB
    Total Requested Memory :                     131072.00 MB
    Delta Memory :                               126950.00 MB
    Max Swap :                                   -
    Max Processes :                              36
    Max Threads :                                40
    Run time :                                   125 sec.
    Turnaround time :                            26 sec.

The output (if any) is above this job summary.



PS:

Read file <logs/preproc_26339849.err> for stderr output of this job.

